2025-03-28 23:20:08.636 [info] [main] Log level: Info
2025-03-28 23:20:08.636 [info] [main] Validating found git in: "git"
2025-03-28 23:20:08.636 [info] [main] Using git "2.43.0" from "git"
2025-03-28 23:20:08.636 [info] [Model][doInitialScan] Initial repository scan started
2025-03-28 23:20:08.636 [info] > git rev-parse --show-toplevel [3ms]
2025-03-28 23:20:08.636 [info] fatal: not a git repository (or any parent up to mount point /)
Stopping at filesystem boundary (GIT_DISCOVERY_ACROSS_FILESYSTEM not set).
2025-03-28 23:20:08.636 [info] > git rev-parse --show-toplevel [2ms]
2025-03-28 23:20:08.636 [info] fatal: not a git repository (or any parent up to mount point /)
Stopping at filesystem boundary (GIT_DISCOVERY_ACROSS_FILESYSTEM not set).
2025-03-28 23:20:08.636 [info] > git rev-parse --show-toplevel [1ms]
2025-03-28 23:20:08.636 [info] fatal: not a git repository (or any parent up to mount point /)
Stopping at filesystem boundary (GIT_DISCOVERY_ACROSS_FILESYSTEM not set).
2025-03-28 23:20:08.636 [info] > git rev-parse --show-toplevel [2ms]
2025-03-28 23:20:08.636 [info] fatal: not a git repository (or any parent up to mount point /)
Stopping at filesystem boundary (GIT_DISCOVERY_ACROSS_FILESYSTEM not set).
2025-03-28 23:20:08.636 [info] > git rev-parse --show-toplevel [1386ms]
2025-03-28 23:20:08.636 [info] fatal: not a git repository (or any parent up to mount point /)
Stopping at filesystem boundary (GIT_DISCOVERY_ACROSS_FILESYSTEM not set).
2025-03-28 23:20:08.636 [info] > git rev-parse --show-toplevel [3ms]
2025-03-28 23:20:08.636 [info] fatal: not a git repository (or any parent up to mount point /)
Stopping at filesystem boundary (GIT_DISCOVERY_ACROSS_FILESYSTEM not set).
2025-03-28 23:20:08.637 [info] > git rev-parse --show-toplevel [2ms]
2025-03-28 23:20:08.637 [info] fatal: not a git repository (or any parent up to mount point /)
Stopping at filesystem boundary (GIT_DISCOVERY_ACROSS_FILESYSTEM not set).
2025-03-28 23:20:08.644 [info] > git rev-parse --show-toplevel [2ms]
2025-03-28 23:20:08.644 [info] fatal: not a git repository (or any parent up to mount point /)
Stopping at filesystem boundary (GIT_DISCOVERY_ACROSS_FILESYSTEM not set).
2025-03-28 23:20:08.651 [info] > git rev-parse --show-toplevel [2ms]
2025-03-28 23:20:08.651 [info] fatal: not a git repository (or any parent up to mount point /)
Stopping at filesystem boundary (GIT_DISCOVERY_ACROSS_FILESYSTEM not set).
2025-03-28 23:20:08.657 [info] > git rev-parse --show-toplevel [1ms]
2025-03-28 23:20:08.658 [info] fatal: not a git repository (or any parent up to mount point /)
Stopping at filesystem boundary (GIT_DISCOVERY_ACROSS_FILESYSTEM not set).
2025-03-28 23:20:08.658 [info] [Model][doInitialScan] Initial repository scan completed - repositories (0), closed repositories (0), parent repositories (0), unsafe repositories (0)
2025-03-28 23:20:11.796 [info] > git rev-parse --show-toplevel [199ms]
2025-03-28 23:20:11.796 [info] fatal: not a git repository (or any parent up to mount point /)
Stopping at filesystem boundary (GIT_DISCOVERY_ACROSS_FILESYSTEM not set).
2025-03-28 23:20:12.036 [info] > git rev-parse --show-toplevel [32ms]
2025-03-28 23:20:12.036 [info] fatal: not a git repository (or any parent up to mount point /)
Stopping at filesystem boundary (GIT_DISCOVERY_ACROSS_FILESYSTEM not set).
2025-03-28 23:20:12.819 [info] > git rev-parse --show-toplevel [5ms]
2025-03-28 23:20:12.819 [info] fatal: not a git repository (or any parent up to mount point /)
Stopping at filesystem boundary (GIT_DISCOVERY_ACROSS_FILESYSTEM not set).
2025-03-28 23:20:12.844 [info] > git rev-parse --show-toplevel [2ms]
2025-03-28 23:20:12.844 [info] fatal: not a git repository (or any parent up to mount point /)
Stopping at filesystem boundary (GIT_DISCOVERY_ACROSS_FILESYSTEM not set).
2025-03-28 23:20:12.960 [info] > git rev-parse --show-toplevel [99ms]
2025-03-28 23:20:12.960 [info] fatal: not a git repository (or any parent up to mount point /)
Stopping at filesystem boundary (GIT_DISCOVERY_ACROSS_FILESYSTEM not set).
2025-03-28 23:20:12.984 [info] > git rev-parse --show-toplevel [5ms]
2025-03-28 23:20:12.984 [info] fatal: not a git repository (or any parent up to mount point /)
Stopping at filesystem boundary (GIT_DISCOVERY_ACROSS_FILESYSTEM not set).
2025-03-28 23:21:15.520 [info] > git rev-parse --show-toplevel [10ms]
2025-03-28 23:21:15.520 [info] fatal: not a git repository (or any parent up to mount point /)
Stopping at filesystem boundary (GIT_DISCOVERY_ACROSS_FILESYSTEM not set).
2025-03-28 23:21:15.531 [info] > git rev-parse --show-toplevel [2ms]
2025-03-28 23:21:15.531 [info] fatal: not a git repository (or any parent up to mount point /)
Stopping at filesystem boundary (GIT_DISCOVERY_ACROSS_FILESYSTEM not set).
2025-03-28 23:21:15.542 [info] > git rev-parse --show-toplevel [3ms]
2025-03-28 23:21:15.542 [info] fatal: not a git repository (or any parent up to mount point /)
Stopping at filesystem boundary (GIT_DISCOVERY_ACROSS_FILESYSTEM not set).
