2025-03-28 23:13:30.857 [info] [main] Log level: Info
2025-03-28 23:13:30.857 [info] [main] Validating found git in: "git"
2025-03-28 23:13:30.857 [info] [main] Using git "2.43.0" from "git"
2025-03-28 23:13:30.857 [info] [Model][doInitialScan] Initial repository scan started
2025-03-28 23:13:30.857 [info] > git rev-parse --show-toplevel [2246ms]
2025-03-28 23:13:30.857 [info] fatal: not a git repository (or any parent up to mount point /)
Stopping at filesystem boundary (GIT_DISCOVERY_ACROSS_FILESYSTEM not set).
2025-03-28 23:13:30.857 [info] > git rev-parse --show-toplevel [2ms]
2025-03-28 23:13:30.857 [info] fatal: not a git repository (or any parent up to mount point /)
Stopping at filesystem boundary (GIT_DISCOVERY_ACROSS_FILESYSTEM not set).
2025-03-28 23:13:30.858 [info] > git rev-parse --show-toplevel [4ms]
2025-03-28 23:13:30.858 [info] fatal: not a git repository (or any parent up to mount point /)
Stopping at filesystem boundary (GIT_DISCOVERY_ACROSS_FILESYSTEM not set).
2025-03-28 23:13:30.865 [info] > git rev-parse --show-toplevel [2ms]
2025-03-28 23:13:30.865 [info] fatal: not a git repository (or any parent up to mount point /)
Stopping at filesystem boundary (GIT_DISCOVERY_ACROSS_FILESYSTEM not set).
2025-03-28 23:13:30.879 [info] > git rev-parse --show-toplevel [9ms]
2025-03-28 23:13:30.879 [info] fatal: not a git repository (or any parent up to mount point /)
Stopping at filesystem boundary (GIT_DISCOVERY_ACROSS_FILESYSTEM not set).
2025-03-28 23:13:30.886 [info] > git rev-parse --show-toplevel [1ms]
2025-03-28 23:13:30.886 [info] fatal: not a git repository (or any parent up to mount point /)
Stopping at filesystem boundary (GIT_DISCOVERY_ACROSS_FILESYSTEM not set).
2025-03-28 23:13:30.893 [info] > git rev-parse --show-toplevel [2ms]
2025-03-28 23:13:30.893 [info] fatal: not a git repository (or any parent up to mount point /)
Stopping at filesystem boundary (GIT_DISCOVERY_ACROSS_FILESYSTEM not set).
2025-03-28 23:13:30.899 [info] > git rev-parse --show-toplevel [1ms]
2025-03-28 23:13:30.899 [info] fatal: not a git repository (or any parent up to mount point /)
Stopping at filesystem boundary (GIT_DISCOVERY_ACROSS_FILESYSTEM not set).
2025-03-28 23:13:30.907 [info] > git rev-parse --show-toplevel [1ms]
2025-03-28 23:13:30.907 [info] fatal: not a git repository (or any parent up to mount point /)
Stopping at filesystem boundary (GIT_DISCOVERY_ACROSS_FILESYSTEM not set).
2025-03-28 23:13:30.913 [info] > git rev-parse --show-toplevel [2ms]
2025-03-28 23:13:30.913 [info] fatal: not a git repository (or any parent up to mount point /)
Stopping at filesystem boundary (GIT_DISCOVERY_ACROSS_FILESYSTEM not set).
2025-03-28 23:13:30.922 [info] > git rev-parse --show-toplevel [2ms]
2025-03-28 23:13:30.922 [info] fatal: not a git repository (or any parent up to mount point /)
Stopping at filesystem boundary (GIT_DISCOVERY_ACROSS_FILESYSTEM not set).
2025-03-28 23:13:30.928 [info] > git rev-parse --show-toplevel [2ms]
2025-03-28 23:13:30.928 [info] fatal: not a git repository (or any parent up to mount point /)
Stopping at filesystem boundary (GIT_DISCOVERY_ACROSS_FILESYSTEM not set).
2025-03-28 23:13:30.936 [info] > git rev-parse --show-toplevel [1ms]
2025-03-28 23:13:30.936 [info] fatal: not a git repository (or any parent up to mount point /)
Stopping at filesystem boundary (GIT_DISCOVERY_ACROSS_FILESYSTEM not set).
2025-03-28 23:13:30.943 [info] > git rev-parse --show-toplevel [1ms]
2025-03-28 23:13:30.943 [info] fatal: not a git repository (or any parent up to mount point /)
Stopping at filesystem boundary (GIT_DISCOVERY_ACROSS_FILESYSTEM not set).
2025-03-28 23:13:30.943 [info] [Model][doInitialScan] Initial repository scan completed - repositories (0), closed repositories (0), parent repositories (0), unsafe repositories (0)
2025-03-28 23:13:31.031 [info] > git rev-parse --show-toplevel [1ms]
2025-03-28 23:13:31.031 [info] fatal: not a git repository (or any parent up to mount point /)
Stopping at filesystem boundary (GIT_DISCOVERY_ACROSS_FILESYSTEM not set).
