2025-03-28 22:45:50.742 [info] Extension host with pid 1507 started
2025-03-28 22:45:50.742 [error] Error: EEXIST: file already exists, open '/home/soflyy_cash/.codeoss/data/User/workspaceStorage/33deb043/vscode.lock'
2025-03-28 22:45:50.752 [info] Lock '/home/soflyy_cash/.codeoss/data/User/workspaceStorage/33deb043/vscode.lock': Could not acquire lock, checking if the file is stale.
2025-03-28 22:45:50.764 [info] Lock '/home/soflyy_cash/.codeoss/data/User/workspaceStorage/33deb043/vscode.lock': The lock does not look stale, elapsed: 814 ms, giving up.
2025-03-28 22:45:50.783 [info] Lock '/home/soflyy_cash/.codeoss/data/User/workspaceStorage/33deb043-1/vscode.lock': Lock acquired.
2025-03-28 22:45:50.963 [info] ExtensionService#_doActivateExtension vscode.emmet, startup: false, activationEvent: 'onLanguage'
2025-03-28 22:45:51.193 [info] ExtensionService#_doActivateExtension vscode.git-base, startup: true, activationEvent: '*', root cause: vscode.git
2025-03-28 22:45:51.411 [info] ExtensionService#_doActivateExtension vscode.git, startup: true, activationEvent: '*'
2025-03-28 22:45:51.411 [info] ExtensionService#_doActivateExtension vscode.github, startup: true, activationEvent: '*'
2025-03-28 22:45:51.711 [info] Eager extensions activated
2025-03-28 22:45:51.711 [info] ExtensionService#_doActivateExtension EditorConfig.EditorConfig, startup: false, activationEvent: 'onStartupFinished'
2025-03-28 22:45:51.712 [info] ExtensionService#_doActivateExtension google.cloud-shell, startup: false, activationEvent: 'onStartupFinished'
2025-03-28 22:45:51.712 [info] ExtensionService#_doActivateExtension google.geminicodeassist, startup: false, activationEvent: 'onStartupFinished', root cause: googlecloudtools.cloudcode
2025-03-28 22:45:51.712 [info] ExtensionService#_doActivateExtension vscode.debug-auto-launch, startup: false, activationEvent: 'onStartupFinished'
2025-03-28 22:45:51.713 [info] ExtensionService#_doActivateExtension vscode.merge-conflict, startup: false, activationEvent: 'onStartupFinished'
2025-03-28 22:45:53.216 [info] ExtensionService#_doActivateExtension googlecloudtools.cloudcode, startup: false, activationEvent: 'onStartupFinished'
2025-03-28 22:45:56.080 [info] ExtensionService#_doActivateExtension vscode.configuration-editing, startup: false, activationEvent: 'onLanguage:jsonc'
2025-03-28 22:45:56.088 [info] ExtensionService#_doActivateExtension vscode.json-language-features, startup: false, activationEvent: 'onLanguage:jsonc'
2025-03-28 22:45:56.089 [info] ExtensionService#_doActivateExtension vscode.typescript-language-features, startup: false, activationEvent: 'onLanguage:jsonc'
2025-03-28 22:53:14.185 [info] Extension host terminating: renderer disconnected for too long (2)
2025-03-28 22:53:14.188 [info] Lock '/home/soflyy_cash/.codeoss/data/User/workspaceStorage/33deb043-1/vscode.lock': Marking the lockfile as scheduled to be released in 6000 ms.
2025-03-28 22:53:14.294 [info] Extension host with pid 1507 exiting with code 0
