2025-03-29 01:25:01.343 [info] Extension host with pid 3300 started
2025-03-29 01:25:01.344 [error] Error: EEXIST: file already exists, open '/home/soflyy_cash/.codeoss/data/User/workspaceStorage/-7cb7b49f/vscode.lock'
2025-03-29 01:25:01.355 [info] Lock '/home/soflyy_cash/.codeoss/data/User/workspaceStorage/-7cb7b49f/vscode.lock': Could not acquire lock, checking if the file is stale.
2025-03-29 01:25:01.373 [info] Lock '/home/soflyy_cash/.codeoss/data/User/workspaceStorage/-7cb7b49f/vscode.lock': The lock does not look stale, elapsed: 2390 ms, giving up.
2025-03-29 01:25:01.377 [error] Error: EEXIST: file already exists, open '/home/soflyy_cash/.codeoss/data/User/workspaceStorage/-7cb7b49f-1/vscode.lock'
2025-03-29 01:25:01.377 [info] Lock '/home/soflyy_cash/.codeoss/data/User/workspaceStorage/-7cb7b49f-1/vscode.lock': Could not acquire lock, checking if the file is stale.
2025-03-29 01:25:01.378 [info] Lock '/home/soflyy_cash/.codeoss/data/User/workspaceStorage/-7cb7b49f-1/vscode.lock': The lock does not look stale, elapsed: 662 ms, giving up.
2025-03-29 01:25:01.391 [info] Lock '/home/soflyy_cash/.codeoss/data/User/workspaceStorage/-7cb7b49f-2/vscode.lock': Lock acquired.
2025-03-29 01:25:01.851 [info] ExtensionService#_doActivateExtension vscode.emmet, startup: false, activationEvent: 'onLanguage'
2025-03-29 01:25:02.162 [info] ExtensionService#_doActivateExtension vscode.git-base, startup: true, activationEvent: '*', root cause: vscode.git
2025-03-29 01:25:02.412 [info] ExtensionService#_doActivateExtension vscode.git, startup: true, activationEvent: '*'
2025-03-29 01:25:02.413 [info] ExtensionService#_doActivateExtension vscode.github, startup: true, activationEvent: '*'
2025-03-29 01:25:03.010 [info] Eager extensions activated
2025-03-29 01:25:03.010 [info] ExtensionService#_doActivateExtension EditorConfig.EditorConfig, startup: false, activationEvent: 'onStartupFinished'
2025-03-29 01:25:03.011 [info] ExtensionService#_doActivateExtension google.cloud-shell, startup: false, activationEvent: 'onStartupFinished'
2025-03-29 01:25:03.012 [info] ExtensionService#_doActivateExtension google.geminicodeassist, startup: false, activationEvent: 'onStartupFinished', root cause: googlecloudtools.cloudcode
2025-03-29 01:25:03.012 [info] ExtensionService#_doActivateExtension vscode.debug-auto-launch, startup: false, activationEvent: 'onStartupFinished'
2025-03-29 01:25:03.013 [info] ExtensionService#_doActivateExtension vscode.merge-conflict, startup: false, activationEvent: 'onStartupFinished'
2025-03-29 01:25:05.740 [info] ExtensionService#_doActivateExtension googlecloudtools.cloudcode, startup: false, activationEvent: 'onStartupFinished'
2025-03-29 01:25:09.205 [info] ExtensionService#_doActivateExtension vscode.configuration-editing, startup: false, activationEvent: 'onLanguage:jsonc'
2025-03-29 01:25:09.206 [info] ExtensionService#_doActivateExtension vscode.json-language-features, startup: false, activationEvent: 'onLanguage:jsonc'
2025-03-29 01:25:09.207 [info] ExtensionService#_doActivateExtension vscode.typescript-language-features, startup: false, activationEvent: 'onLanguage:jsonc'
2025-03-29 02:05:49.406 [info] Extension host terminating: renderer disconnected for too long (2)
2025-03-29 02:05:49.410 [info] Lock '/home/soflyy_cash/.codeoss/data/User/workspaceStorage/-7cb7b49f-2/vscode.lock': Marking the lockfile as scheduled to be released in 6000 ms.
2025-03-29 02:05:49.479 [info] Extension host with pid 3300 exiting with code 0
