2025-03-28 23:03:13.605 [info] Extension host with pid 3642 started
2025-03-28 23:03:13.605 [error] Error: EEXIST: file already exists, open '/home/soflyy_cash/.codeoss/data/User/workspaceStorage/33deb043/vscode.lock'
2025-03-28 23:03:13.610 [info] Lock '/home/soflyy_cash/.codeoss/data/User/workspaceStorage/33deb043/vscode.lock': Could not acquire lock, checking if the file is stale.
2025-03-28 23:03:13.617 [info] Lock '/home/soflyy_cash/.codeoss/data/User/workspaceStorage/33deb043/vscode.lock': The lock does not look stale, elapsed: 344 ms, giving up.
2025-03-28 23:03:13.626 [error] Error: EEXIST: file already exists, open '/home/soflyy_cash/.codeoss/data/User/workspaceStorage/33deb043-1/vscode.lock'
2025-03-28 23:03:13.628 [info] Lock '/home/soflyy_cash/.codeoss/data/User/workspaceStorage/33deb043-1/vscode.lock': Could not acquire lock, checking if the file is stale.
2025-03-28 23:03:13.629 [info] Lock '/home/soflyy_cash/.codeoss/data/User/workspaceStorage/33deb043-1/vscode.lock': The lock does not look stale, elapsed: 309 ms, giving up.
2025-03-28 23:03:13.638 [info] Lock '/home/soflyy_cash/.codeoss/data/User/workspaceStorage/33deb043-2/vscode.lock': Lock acquired.
2025-03-28 23:03:13.934 [info] ExtensionService#_doActivateExtension vscode.emmet, startup: false, activationEvent: 'onLanguage'
2025-03-28 23:03:14.147 [info] ExtensionService#_doActivateExtension vscode.git-base, startup: true, activationEvent: '*', root cause: vscode.git
2025-03-28 23:03:14.601 [info] ExtensionService#_doActivateExtension vscode.git, startup: true, activationEvent: '*'
2025-03-28 23:03:14.601 [info] ExtensionService#_doActivateExtension vscode.github, startup: true, activationEvent: '*'
2025-03-28 23:03:15.419 [info] Eager extensions activated
2025-03-28 23:03:15.420 [info] ExtensionService#_doActivateExtension EditorConfig.EditorConfig, startup: false, activationEvent: 'onStartupFinished'
2025-03-28 23:03:15.422 [info] ExtensionService#_doActivateExtension google.cloud-shell, startup: false, activationEvent: 'onStartupFinished'
2025-03-28 23:03:15.423 [info] ExtensionService#_doActivateExtension google.geminicodeassist, startup: false, activationEvent: 'onStartupFinished', root cause: googlecloudtools.cloudcode
2025-03-28 23:03:15.423 [info] ExtensionService#_doActivateExtension vscode.debug-auto-launch, startup: false, activationEvent: 'onStartupFinished'
2025-03-28 23:03:15.424 [info] ExtensionService#_doActivateExtension vscode.merge-conflict, startup: false, activationEvent: 'onStartupFinished'
2025-03-28 23:03:17.405 [info] ExtensionService#_doActivateExtension googlecloudtools.cloudcode, startup: false, activationEvent: 'onStartupFinished'
2025-03-28 23:03:19.784 [info] ExtensionService#_doActivateExtension vscode.configuration-editing, startup: false, activationEvent: 'onLanguage:jsonc'
2025-03-28 23:03:19.785 [info] ExtensionService#_doActivateExtension vscode.json-language-features, startup: false, activationEvent: 'onLanguage:jsonc'
2025-03-28 23:03:19.785 [info] ExtensionService#_doActivateExtension vscode.typescript-language-features, startup: false, activationEvent: 'onLanguage:jsonc'
2025-03-28 23:11:11.667 [info] Extension host terminating: renderer disconnected for too long (2)
2025-03-28 23:11:11.668 [info] Lock '/home/soflyy_cash/.codeoss/data/User/workspaceStorage/33deb043-2/vscode.lock': Marking the lockfile as scheduled to be released in 6000 ms.
2025-03-28 23:11:11.700 [info] Extension host with pid 3642 exiting with code 0
