2025-03-29 01:15:16.511 [warning] Dir "/home/soflyy_cash/DD X/.pixi/envs" is not watchable (directory does not exist)
2025-03-29 01:15:16.511 [info] Starting Environment refresh
2025-03-29 01:15:16.511 [info] Searching for interpreters in posix paths locator
2025-03-29 01:15:16.511 [info] Searching for pyenv environments
2025-03-29 01:15:16.511 [info] Searching for conda environments
2025-03-29 01:15:16.511 [info] Searching for global virtual environments
2025-03-29 01:15:16.511 [info] Searching for custom virtual environments
2025-03-29 01:15:16.511 [info] pyenv is not installed
2025-03-29 01:15:16.511 [info] Finished searching for pyenv environments: 27 milliseconds
2025-03-29 01:15:16.511 [info] Finished searching for custom virtual envs: 25 milliseconds
2025-03-29 01:15:16.511 [info] > conda info --json
2025-03-29 01:15:16.512 [info] > hatch env show --json
2025-03-29 01:15:16.512 [info] cwd: ~/DD X
2025-03-29 01:15:16.512 [info] > pyenv which python
2025-03-29 01:15:16.512 [info] cwd: ~/DD X
2025-03-29 01:15:16.512 [info] Finished searching for global virtual envs: 108 milliseconds
2025-03-29 01:15:16.515 [info] Found: /bin/python --> /bin/python3.12
2025-03-29 01:15:16.517 [info] Found: /bin/python3 --> /bin/python3.12
2025-03-29 01:15:16.518 [info] Found: /bin/python3.12 --> /bin/python3.12
2025-03-29 01:15:16.601 [info] Found: /usr/bin/python --> /usr/bin/python3.12
2025-03-29 01:15:16.607 [info] Found: /usr/bin/python3 --> /usr/bin/python3.12
2025-03-29 01:15:16.611 [info] Found: /usr/bin/python3.12 --> /usr/bin/python3.12
2025-03-29 01:15:18.806 [info] Finished searching for interpreters in posix paths locator: 2447 milliseconds
2025-03-29 01:15:18.806 [info] > /bin/python -I /google/devshell/editor/code-oss-for-cloud-shell/extensions/ms-python.python/python_files/get_output_via_markers.py /google/devshell/editor/code-oss-for-cloud-shell/extensions/ms-python.python/python_files/interpreterInfo.py
2025-03-29 01:15:19.002 [info] > /usr/bin/python -I /google/devshell/editor/code-oss-for-cloud-shell/extensions/ms-python.python/python_files/get_output_via_markers.py /google/devshell/editor/code-oss-for-cloud-shell/extensions/ms-python.python/python_files/interpreterInfo.py
2025-03-29 01:15:19.002 [info] Environments refresh paths discovered (event): 2667 milliseconds
2025-03-29 01:15:19.002 [info] Environments refresh paths discovered: 2667 milliseconds
2025-03-29 01:15:19.255 [info] Environments refresh finished (event): 2920 milliseconds
2025-03-29 01:15:19.272 [info] Environment refresh took 2938 milliseconds
2025-03-29 01:15:19.294 [info] Python interpreter path: /bin/python
2025-03-29 01:15:29.968 [info] Discover tests for workspace name: undefined - uri: /User/settings.json
2025-03-29 01:15:33.400 [info] Starting Jedi language server for DD X.
