2025-03-29 22:51:13.978 [info] [main] Log level: Info
2025-03-29 22:51:13.978 [info] [main] Validating found git in: "git"
2025-03-29 22:51:13.978 [info] [main] Using git "2.43.0" from "git"
2025-03-29 22:51:13.978 [info] [Model][doInitialScan] Initial repository scan started
2025-03-29 22:51:13.978 [info] > git rev-parse --show-toplevel [242ms]
2025-03-29 22:51:13.978 [info] fatal: not a git repository (or any parent up to mount point /)
Stopping at filesystem boundary (GIT_DISCOVERY_ACROSS_FILESYSTEM not set).
2025-03-29 22:51:13.978 [info] > git rev-parse --show-toplevel [17ms]
2025-03-29 22:51:13.978 [info] fatal: not a git repository (or any parent up to mount point /)
Stopping at filesystem boundary (GIT_DISCOVERY_ACROSS_FILESYSTEM not set).
2025-03-29 22:51:13.980 [info] > git rev-parse --show-toplevel [3ms]
2025-03-29 22:51:13.980 [info] fatal: not a git repository (or any parent up to mount point /)
Stopping at filesystem boundary (GIT_DISCOVERY_ACROSS_FILESYSTEM not set).
2025-03-29 22:51:13.985 [info] > git rev-parse --show-toplevel [2ms]
2025-03-29 22:51:13.985 [info] fatal: not a git repository (or any parent up to mount point /)
Stopping at filesystem boundary (GIT_DISCOVERY_ACROSS_FILESYSTEM not set).
2025-03-29 22:51:13.991 [info] > git rev-parse --show-toplevel [2ms]
2025-03-29 22:51:13.991 [info] fatal: not a git repository (or any parent up to mount point /)
Stopping at filesystem boundary (GIT_DISCOVERY_ACROSS_FILESYSTEM not set).
2025-03-29 22:51:13.991 [info] [Model][doInitialScan] Initial repository scan completed - repositories (0), closed repositories (0), parent repositories (0), unsafe repositories (0)
2025-03-29 22:51:19.879 [info] > git rev-parse --show-toplevel [18ms]
2025-03-29 22:51:19.879 [info] fatal: not a git repository (or any parent up to mount point /)
Stopping at filesystem boundary (GIT_DISCOVERY_ACROSS_FILESYSTEM not set).
2025-03-29 22:51:20.050 [info] > git rev-parse --show-toplevel [6ms]
2025-03-29 22:51:20.050 [info] fatal: not a git repository (or any parent up to mount point /)
Stopping at filesystem boundary (GIT_DISCOVERY_ACROSS_FILESYSTEM not set).
2025-03-29 22:51:20.330 [info] > git rev-parse --show-toplevel [4ms]
2025-03-29 22:51:20.330 [info] fatal: not a git repository (or any parent up to mount point /)
Stopping at filesystem boundary (GIT_DISCOVERY_ACROSS_FILESYSTEM not set).
