2025-03-29 01:23:59.772 [info] [main] Log level: Info
2025-03-29 01:23:59.772 [info] [main] Validating found git in: "git"
2025-03-29 01:23:59.772 [info] [main] Using git "2.43.0" from "git"
2025-03-29 01:23:59.772 [info] [Model][doInitialScan] Initial repository scan started
2025-03-29 01:23:59.772 [info] > git rev-parse --show-toplevel [1493ms]
2025-03-29 01:23:59.772 [info] fatal: not a git repository (or any parent up to mount point /)
Stopping at filesystem boundary (GIT_DISCOVERY_ACROSS_FILESYSTEM not set).
2025-03-29 01:23:59.772 [info] [Model][doInitialScan] Initial repository scan completed - repositories (0), closed repositories (0), parent repositories (0), unsafe repositories (0)
2025-03-29 01:24:06.937 [info] > git rev-parse --show-toplevel [7ms]
2025-03-29 01:24:06.937 [info] fatal: not a git repository (or any parent up to mount point /)
Stopping at filesystem boundary (GIT_DISCOVERY_ACROSS_FILESYSTEM not set).
2025-03-29 01:24:07.152 [info] > git rev-parse --show-toplevel [70ms]
2025-03-29 01:24:07.152 [info] fatal: not a git repository (or any parent up to mount point /)
Stopping at filesystem boundary (GIT_DISCOVERY_ACROSS_FILESYSTEM not set).
2025-03-29 01:24:07.242 [info] > git rev-parse --show-toplevel [27ms]
2025-03-29 01:24:07.242 [info] fatal: not a git repository (or any parent up to mount point /)
Stopping at filesystem boundary (GIT_DISCOVERY_ACROSS_FILESYSTEM not set).
2025-03-29 01:24:08.144 [info] > git rev-parse --show-toplevel [10ms]
2025-03-29 01:24:08.144 [info] fatal: not a git repository (or any parent up to mount point /)
Stopping at filesystem boundary (GIT_DISCOVERY_ACROSS_FILESYSTEM not set).
